<?xml version="1.0" ?>
<!DOCTYPE coverage
  SYSTEM 'http://cobertura.sourceforge.net/xml/coverage-04.dtd'>
<coverage branch-rate="0.4819915254237288" branches-covered="455"
 branches-valid="944" complexity="0.0" line-rate="1.0" lines-covered="115"
 lines-valid="115" timestamp="1537040087" version="gcovr 4.1">
 <sources>
  <source>.</source>
 </sources>
 <packages>
  <package branch-rate="0.4819915254237288" complexity="0.0" line-rate="1.0"
   name="Utils.tests">
   <classes>
    <class branch-rate="0.4819915254237288" complexity="0.0"
     filename="Utils/tests/UTest_ASch_Queue.cpp" line-rate="1.0"
     name="UTest_ASch_Queue_cpp">
     <methods/>
     <lines>
      <line branch="false" hits="80" number="60"/>
      <line branch="true" condition-coverage="58% (7/12)" hits="144"
       number="62">
       <conditions>
        <condition coverage="58%" number="0" type="jump"/>
       </conditions>
      </line>
      <line branch="true" condition-coverage="57% (8/14)" hits="16"
       number="64">
       <conditions>
        <condition coverage="57%" number="0" type="jump"/>
       </conditions>
      </line>
      <line branch="true" condition-coverage="50% (1/2)" hits="4" number="66">
       <conditions>
        <condition coverage="50%" number="0" type="jump"/>
       </conditions>
      </line>
      <line branch="true" condition-coverage="50% (7/14)" hits="8"
       number="68">
       <conditions>
        <condition coverage="50%" number="0" type="jump"/>
       </conditions>
      </line>
      <line branch="true" condition-coverage="37% (6/16)" hits="4"
       number="70">
       <conditions>
        <condition coverage="37%" number="0" type="jump"/>
       </conditions>
      </line>
      <line branch="true" condition-coverage="57% (8/14)" hits="16"
       number="73">
       <conditions>
        <condition coverage="57%" number="0" type="jump"/>
       </conditions>
      </line>
      <line branch="true" condition-coverage="50% (1/2)" hits="4" number="75">
       <conditions>
        <condition coverage="50%" number="0" type="jump"/>
       </conditions>
      </line>
      <line branch="true" condition-coverage="50% (7/14)" hits="8"
       number="77">
       <conditions>
        <condition coverage="50%" number="0" type="jump"/>
       </conditions>
      </line>
      <line branch="true" condition-coverage="37% (6/16)" hits="4"
       number="79">
       <conditions>
        <condition coverage="37%" number="0" type="jump"/>
       </conditions>
      </line>
      <line branch="true" condition-coverage="58% (7/12)" hits="144"
       number="84">
       <conditions>
        <condition coverage="58%" number="0" type="jump"/>
       </conditions>
      </line>
      <line branch="true" condition-coverage="50% (1/2)" hits="16"
       number="86">
       <conditions>
        <condition coverage="50%" number="0" type="jump"/>
       </conditions>
      </line>
      <line branch="true" condition-coverage="57% (8/14)" hits="32"
       number="87">
       <conditions>
        <condition coverage="57%" number="0" type="jump"/>
       </conditions>
      </line>
      <line branch="false" hits="8" number="89"/>
      <line branch="true" condition-coverage="50% (1/2)" hits="8" number="90">
       <conditions>
        <condition coverage="50%" number="0" type="jump"/>
       </conditions>
      </line>
      <line branch="true" condition-coverage="57% (8/14)" hits="16"
       number="92">
       <conditions>
        <condition coverage="57%" number="0" type="jump"/>
       </conditions>
      </line>
      <line branch="true" condition-coverage="35% (5/14)" hits="4"
       number="94">
       <conditions>
        <condition coverage="35%" number="0" type="jump"/>
       </conditions>
      </line>
      <line branch="true" condition-coverage="57% (8/14)" hits="16"
       number="96">
       <conditions>
        <condition coverage="57%" number="0" type="jump"/>
       </conditions>
      </line>
      <line branch="true" condition-coverage="37% (6/16)" hits="4"
       number="98">
       <conditions>
        <condition coverage="37%" number="0" type="jump"/>
       </conditions>
      </line>
      <line branch="true" condition-coverage="57% (8/14)" hits="32"
       number="101">
       <conditions>
        <condition coverage="57%" number="0" type="jump"/>
       </conditions>
      </line>
      <line branch="false" hits="8" number="103"/>
      <line branch="true" condition-coverage="50% (1/2)" hits="8"
       number="104">
       <conditions>
        <condition coverage="50%" number="0" type="jump"/>
       </conditions>
      </line>
      <line branch="false" hits="8" number="106"/>
      <line branch="false" hits="8" number="107"/>
      <line branch="true" condition-coverage="50% (1/2)" hits="8"
       number="108">
       <conditions>
        <condition coverage="50%" number="0" type="jump"/>
       </conditions>
      </line>
      <line branch="false" hits="8" number="110"/>
      <line branch="false" hits="8" number="111"/>
      <line branch="true" condition-coverage="50% (1/2)" hits="8"
       number="112">
       <conditions>
        <condition coverage="50%" number="0" type="jump"/>
       </conditions>
      </line>
      <line branch="true" condition-coverage="57% (8/14)" hits="16"
       number="114">
       <conditions>
        <condition coverage="57%" number="0" type="jump"/>
       </conditions>
      </line>
      <line branch="true" condition-coverage="35% (5/14)" hits="4"
       number="116">
       <conditions>
        <condition coverage="35%" number="0" type="jump"/>
       </conditions>
      </line>
      <line branch="true" condition-coverage="57% (8/14)" hits="16"
       number="118">
       <conditions>
        <condition coverage="57%" number="0" type="jump"/>
       </conditions>
      </line>
      <line branch="true" condition-coverage="37% (6/16)" hits="4"
       number="120">
       <conditions>
        <condition coverage="37%" number="0" type="jump"/>
       </conditions>
      </line>
      <line branch="true" condition-coverage="58% (7/12)" hits="144"
       number="125">
       <conditions>
        <condition coverage="58%" number="0" type="jump"/>
       </conditions>
      </line>
      <line branch="true" condition-coverage="50% (1/2)" hits="48"
       number="127">
       <conditions>
        <condition coverage="50%" number="0" type="jump"/>
       </conditions>
      </line>
      <line branch="false" hits="48" number="128"/>
      <line branch="true" condition-coverage="50% (1/2)" hits="48"
       number="129">
       <conditions>
        <condition coverage="50%" number="0" type="jump"/>
       </conditions>
      </line>
      <line branch="false" hits="48" number="131"/>
      <line branch="false" hits="48" number="132"/>
      <line branch="true" condition-coverage="50% (1/2)" hits="48"
       number="133">
       <conditions>
        <condition coverage="50%" number="0" type="jump"/>
       </conditions>
      </line>
      <line branch="false" hits="48" number="135"/>
      <line branch="false" hits="48" number="136"/>
      <line branch="true" condition-coverage="50% (1/2)" hits="48"
       number="137">
       <conditions>
        <condition coverage="50%" number="0" type="jump"/>
       </conditions>
      </line>
      <line branch="true" condition-coverage="57% (8/14)" hits="96"
       number="139">
       <conditions>
        <condition coverage="57%" number="0" type="jump"/>
       </conditions>
      </line>
      <line branch="false" hits="36" number="141"/>
      <line branch="false" hits="36" number="142"/>
      <line branch="true" condition-coverage="50% (1/2)" hits="36"
       number="143">
       <conditions>
        <condition coverage="50%" number="0" type="jump"/>
       </conditions>
      </line>
      <line branch="true" condition-coverage="57% (8/14)" hits="72"
       number="145">
       <conditions>
        <condition coverage="57%" number="0" type="jump"/>
       </conditions>
      </line>
      <line branch="true" condition-coverage="35% (5/14)" hits="4"
       number="147">
       <conditions>
        <condition coverage="35%" number="0" type="jump"/>
       </conditions>
      </line>
      <line branch="true" condition-coverage="57% (8/14)" hits="72"
       number="149">
       <conditions>
        <condition coverage="57%" number="0" type="jump"/>
       </conditions>
      </line>
      <line branch="true" condition-coverage="35% (5/14)" hits="4"
       number="151">
       <conditions>
        <condition coverage="35%" number="0" type="jump"/>
       </conditions>
      </line>
      <line branch="true" condition-coverage="35% (5/14)" hits="4"
       number="152">
       <conditions>
        <condition coverage="35%" number="0" type="jump"/>
       </conditions>
      </line>
      <line branch="true" condition-coverage="57% (8/14)" hits="72"
       number="154">
       <conditions>
        <condition coverage="57%" number="0" type="jump"/>
       </conditions>
      </line>
      <line branch="true" condition-coverage="37% (6/16)" hits="4"
       number="156">
       <conditions>
        <condition coverage="37%" number="0" type="jump"/>
       </conditions>
      </line>
      <line branch="true" condition-coverage="57% (8/14)" hits="72"
       number="158">
       <conditions>
        <condition coverage="57%" number="0" type="jump"/>
       </conditions>
      </line>
      <line branch="true" condition-coverage="50% (1/2)" hits="24"
       number="160">
       <conditions>
        <condition coverage="50%" number="0" type="jump"/>
       </conditions>
      </line>
      <line branch="true" condition-coverage="57% (8/14)" hits="48"
       number="162">
       <conditions>
        <condition coverage="57%" number="0" type="jump"/>
       </conditions>
      </line>
      <line branch="true" condition-coverage="35% (5/14)" hits="4"
       number="164">
       <conditions>
        <condition coverage="35%" number="0" type="jump"/>
       </conditions>
      </line>
      <line branch="true" condition-coverage="57% (8/14)" hits="48"
       number="166">
       <conditions>
        <condition coverage="57%" number="0" type="jump"/>
       </conditions>
      </line>
      <line branch="true" condition-coverage="35% (5/14)" hits="4"
       number="168">
       <conditions>
        <condition coverage="35%" number="0" type="jump"/>
       </conditions>
      </line>
      <line branch="true" condition-coverage="35% (5/14)" hits="4"
       number="169">
       <conditions>
        <condition coverage="35%" number="0" type="jump"/>
       </conditions>
      </line>
      <line branch="true" condition-coverage="57% (8/14)" hits="48"
       number="171">
       <conditions>
        <condition coverage="57%" number="0" type="jump"/>
       </conditions>
      </line>
      <line branch="true" condition-coverage="37% (6/16)" hits="4"
       number="173">
       <conditions>
        <condition coverage="37%" number="0" type="jump"/>
       </conditions>
      </line>
      <line branch="true" condition-coverage="57% (8/14)" hits="48"
       number="175">
       <conditions>
        <condition coverage="57%" number="0" type="jump"/>
       </conditions>
      </line>
      <line branch="true" condition-coverage="50% (1/2)" hits="12"
       number="177">
       <conditions>
        <condition coverage="50%" number="0" type="jump"/>
       </conditions>
      </line>
      <line branch="true" condition-coverage="57% (8/14)" hits="24"
       number="179">
       <conditions>
        <condition coverage="57%" number="0" type="jump"/>
       </conditions>
      </line>
      <line branch="true" condition-coverage="35% (5/14)" hits="4"
       number="181">
       <conditions>
        <condition coverage="35%" number="0" type="jump"/>
       </conditions>
      </line>
      <line branch="true" condition-coverage="57% (8/14)" hits="24"
       number="183">
       <conditions>
        <condition coverage="57%" number="0" type="jump"/>
       </conditions>
      </line>
      <line branch="true" condition-coverage="35% (5/14)" hits="4"
       number="185">
       <conditions>
        <condition coverage="35%" number="0" type="jump"/>
       </conditions>
      </line>
      <line branch="true" condition-coverage="35% (5/14)" hits="4"
       number="186">
       <conditions>
        <condition coverage="35%" number="0" type="jump"/>
       </conditions>
      </line>
      <line branch="true" condition-coverage="57% (8/14)" hits="24"
       number="188">
       <conditions>
        <condition coverage="57%" number="0" type="jump"/>
       </conditions>
      </line>
      <line branch="true" condition-coverage="37% (6/16)" hits="4"
       number="190">
       <conditions>
        <condition coverage="37%" number="0" type="jump"/>
       </conditions>
      </line>
      <line branch="true" condition-coverage="57% (8/14)" hits="96"
       number="196">
       <conditions>
        <condition coverage="57%" number="0" type="jump"/>
       </conditions>
      </line>
      <line branch="false" hits="8" number="198"/>
      <line branch="false" hits="8" number="199"/>
      <line branch="true" condition-coverage="50% (1/2)" hits="8"
       number="200">
       <conditions>
        <condition coverage="50%" number="0" type="jump"/>
       </conditions>
      </line>
      <line branch="false" hits="8" number="202"/>
      <line branch="false" hits="8" number="203"/>
      <line branch="true" condition-coverage="50% (1/2)" hits="8"
       number="204">
       <conditions>
        <condition coverage="50%" number="0" type="jump"/>
       </conditions>
      </line>
      <line branch="true" condition-coverage="57% (8/14)" hits="16"
       number="206">
       <conditions>
        <condition coverage="57%" number="0" type="jump"/>
       </conditions>
      </line>
      <line branch="true" condition-coverage="35% (5/14)" hits="4"
       number="208">
       <conditions>
        <condition coverage="35%" number="0" type="jump"/>
       </conditions>
      </line>
      <line branch="true" condition-coverage="57% (8/14)" hits="16"
       number="210">
       <conditions>
        <condition coverage="57%" number="0" type="jump"/>
       </conditions>
      </line>
      <line branch="true" condition-coverage="37% (6/16)" hits="4"
       number="212">
       <conditions>
        <condition coverage="37%" number="0" type="jump"/>
       </conditions>
      </line>
      <line branch="true" condition-coverage="57% (8/14)" hits="96"
       number="216">
       <conditions>
        <condition coverage="57%" number="0" type="jump"/>
       </conditions>
      </line>
      <line branch="false" hits="4" number="218"/>
      <line branch="true" condition-coverage="50% (7/14)" hits="8"
       number="220">
       <conditions>
        <condition coverage="50%" number="0" type="jump"/>
       </conditions>
      </line>
      <line branch="true" condition-coverage="37% (6/16)" hits="4"
       number="222">
       <conditions>
        <condition coverage="37%" number="0" type="jump"/>
       </conditions>
      </line>
      <line branch="false" hits="72" number="226"/>
      <line branch="false" hits="24" number="228"/>
      <line branch="true" condition-coverage="58% (7/12)" hits="32"
       number="230">
       <conditions>
        <condition coverage="58%" number="0" type="jump"/>
       </conditions>
      </line>
      <line branch="true" condition-coverage="50% (1/2)" hits="8"
       number="232">
       <conditions>
        <condition coverage="50%" number="0" type="jump"/>
       </conditions>
      </line>
      <line branch="false" hits="8" number="233"/>
      <line branch="true" condition-coverage="50% (1/2)" hits="8"
       number="234">
       <conditions>
        <condition coverage="50%" number="0" type="jump"/>
       </conditions>
      </line>
      <line branch="false" hits="8" number="236"/>
      <line branch="false" hits="8" number="237"/>
      <line branch="true" condition-coverage="50% (1/2)" hits="8"
       number="238">
       <conditions>
        <condition coverage="50%" number="0" type="jump"/>
       </conditions>
      </line>
      <line branch="false" hits="8" number="240"/>
      <line branch="false" hits="8" number="241"/>
      <line branch="true" condition-coverage="50% (1/2)" hits="8"
       number="242">
       <conditions>
        <condition coverage="50%" number="0" type="jump"/>
       </conditions>
      </line>
      <line branch="true" condition-coverage="50% (7/14)" hits="16"
       number="244">
       <conditions>
        <condition coverage="50%" number="0" type="jump"/>
       </conditions>
      </line>
      <line branch="false" hits="8" number="246"/>
      <line branch="true" condition-coverage="50% (1/2)" hits="8"
       number="247">
       <conditions>
        <condition coverage="50%" number="0" type="jump"/>
       </conditions>
      </line>
      <line branch="true" condition-coverage="57% (8/14)" hits="16"
       number="249">
       <conditions>
        <condition coverage="57%" number="0" type="jump"/>
       </conditions>
      </line>
      <line branch="true" condition-coverage="35% (5/14)" hits="4"
       number="251">
       <conditions>
        <condition coverage="35%" number="0" type="jump"/>
       </conditions>
      </line>
      <line branch="true" condition-coverage="57% (8/14)" hits="16"
       number="253">
       <conditions>
        <condition coverage="57%" number="0" type="jump"/>
       </conditions>
      </line>
      <line branch="true" condition-coverage="37% (6/16)" hits="4"
       number="255">
       <conditions>
        <condition coverage="37%" number="0" type="jump"/>
       </conditions>
      </line>
      <line branch="true" condition-coverage="58% (7/12)" hits="32"
       number="260">
       <conditions>
        <condition coverage="58%" number="0" type="jump"/>
       </conditions>
      </line>
      <line branch="true" condition-coverage="50% (1/2)" hits="8"
       number="262">
       <conditions>
        <condition coverage="50%" number="0" type="jump"/>
       </conditions>
      </line>
      <line branch="true" condition-coverage="50% (7/14)" hits="16"
       number="263">
       <conditions>
        <condition coverage="50%" number="0" type="jump"/>
       </conditions>
      </line>
      <line branch="false" hits="8" number="265"/>
      <line branch="true" condition-coverage="50% (1/2)" hits="8"
       number="266">
       <conditions>
        <condition coverage="50%" number="0" type="jump"/>
       </conditions>
      </line>
      <line branch="true" condition-coverage="57% (8/14)" hits="16"
       number="268">
       <conditions>
        <condition coverage="57%" number="0" type="jump"/>
       </conditions>
      </line>
      <line branch="true" condition-coverage="35% (5/14)" hits="4"
       number="270">
       <conditions>
        <condition coverage="35%" number="0" type="jump"/>
       </conditions>
      </line>
      <line branch="true" condition-coverage="57% (8/14)" hits="16"
       number="272">
       <conditions>
        <condition coverage="57%" number="0" type="jump"/>
       </conditions>
      </line>
      <line branch="true" condition-coverage="37% (6/16)" hits="4"
       number="274">
       <conditions>
        <condition coverage="37%" number="0" type="jump"/>
       </conditions>
      </line>
      <line branch="true" condition-coverage="50% (2/4)" hits="28"
       number="278">
       <conditions>
        <condition coverage="50%" number="0" type="jump"/>
       </conditions>
      </line>
     </lines>
    </class>
   </classes>
  </package>
 </packages>
</coverage>

